<?xml version="1.0" encoding="UTF-8"?>
<!-- Generated by org.testng.reporters.JUnitReportReporter -->
<testsuite hostname="INCDSZLP00147" name="package1.TestClass1" tests="1" failures="0" timestamp="21 Jan 2020 12:41:55 GMT" time="11.652" errors="0">
  <testcase name="Testcase1" time="11.652" classname="package1.TestClass1"/>
</testsuite> <!-- package1.TestClass1 -->
